<?xml version="1.0" encoding="UTF-8"?>
<!-- Generated by org.testng.reporters.JUnitReportReporter -->
<testsuite skipped="0" hostname="HCPLH0915LP284" name="GitDemo1.DemoJenkinsJob" tests="1" failures="0" timestamp="04 Feb 2018 12:38:24 GMT" time="0.023" errors="0">
  <testcase name="testJenkins" time="0.023" classname="GitDemo1.DemoJenkinsJob"/>
</testsuite> <!-- GitDemo1.DemoJenkinsJob -->
